<?xml version="1.0" encoding="UTF-8"?>
<coverage generated="1559219869664" clover="3.2.0">
  <project timestamp="1559219869664" name="All files">
    <metrics statements="28" coveredstatements="18" conditionals="0" coveredconditionals="0" methods="26" coveredmethods="6" elements="54" coveredelements="24" complexity="0" loc="28" ncloc="28" packages="1" files="2" classes="2"/>
    <file name="actions.js" path="/Users/obaga/Desktop/React/Bookworm-react/src/constants/actions.js">
      <metrics statements="22" coveredstatements="12" conditionals="0" coveredconditionals="0" methods="26" coveredmethods="6"/>
      <line num="11" count="1" type="stmt"/>
      <line num="13" count="1" type="stmt"/>
      <line num="18" count="1" type="stmt"/>
      <line num="23" count="1" type="stmt"/>
      <line num="28" count="1" type="stmt"/>
      <line num="33" count="1" type="stmt"/>
      <line num="38" count="1" type="stmt"/>
      <line num="43" count="1" type="stmt"/>
      <line num="45" count="0" type="stmt"/>
      <line num="48" count="0" type="stmt"/>
      <line num="51" count="1" type="stmt"/>
      <line num="53" count="0" type="stmt"/>
      <line num="56" count="0" type="stmt"/>
      <line num="59" count="1" type="stmt"/>
      <line num="61" count="0" type="stmt"/>
      <line num="64" count="0" type="stmt"/>
      <line num="67" count="1" type="stmt"/>
      <line num="69" count="0" type="stmt"/>
      <line num="72" count="0" type="stmt"/>
      <line num="75" count="1" type="stmt"/>
      <line num="77" count="0" type="stmt"/>
      <line num="80" count="0" type="stmt"/>
    </file>
    <file name="types.js" path="/Users/obaga/Desktop/React/Bookworm-react/src/constants/types.js">
      <metrics statements="6" coveredstatements="6" conditionals="0" coveredconditionals="0" methods="0" coveredmethods="0"/>
      <line num="1" count="1" type="stmt"/>
      <line num="2" count="1" type="stmt"/>
      <line num="3" count="1" type="stmt"/>
      <line num="4" count="1" type="stmt"/>
      <line num="7" count="1" type="stmt"/>
      <line num="8" count="1" type="stmt"/>
    </file>
  </project>
</coverage>
