{"/Users/obaga/Desktop/React/Bookworm-react/src/constants/actions.js": {"path":"/Users/obaga/Desktop/React/Bookworm-react/src/constants/actions.js","statementMap":{"0":{"start":{"line":11,"column":17},"end":{"line":11,"column":50}},"1":{"start":{"line":13,"column":29},"end":{"line":16,"column":2}},"2":{"start":{"line":13,"column":38},"end":{"line":16,"column":1}},"3":{"start":{"line":18,"column":32},"end":{"line":21,"column":2}},"4":{"start":{"line":18,"column":41},"end":{"line":21,"column":1}},"5":{"start":{"line":23,"column":30},"end":{"line":26,"column":2}},"6":{"start":{"line":23,"column":39},"end":{"line":26,"column":1}},"7":{"start":{"line":28,"column":30},"end":{"line":31,"column":2}},"8":{"start":{"line":28,"column":39},"end":{"line":31,"column":1}},"9":{"start":{"line":33,"column":35},"end":{"line":36,"column":2}},"10":{"start":{"line":33,"column":44},"end":{"line":36,"column":1}},"11":{"start":{"line":38,"column":33},"end":{"line":41,"column":2}},"12":{"start":{"line":38,"column":42},"end":{"line":41,"column":1}},"13":{"start":{"line":43,"column":27},"end":{"line":49,"column":4}},"14":{"start":{"line":43,"column":35},"end":{"line":49,"column":4}},"15":{"start":{"line":43,"column":47},"end":{"line":49,"column":4}},"16":{"start":{"line":45,"column":4},"end":{"line":45,"column":47}},"17":{"start":{"line":48,"column":4},"end":{"line":48,"column":23}},"18":{"start":{"line":51,"column":29},"end":{"line":57,"column":4}},"19":{"start":{"line":51,"column":35},"end":{"line":57,"column":4}},"20":{"start":{"line":51,"column":47},"end":{"line":57,"column":4}},"21":{"start":{"line":53,"column":4},"end":{"line":53,"column":49}},"22":{"start":{"line":56,"column":4},"end":{"line":56,"column":23}},"23":{"start":{"line":59,"column":23},"end":{"line":65,"column":4}},"24":{"start":{"line":59,"column":31},"end":{"line":65,"column":4}},"25":{"start":{"line":59,"column":43},"end":{"line":65,"column":4}},"26":{"start":{"line":61,"column":4},"end":{"line":61,"column":43}},"27":{"start":{"line":64,"column":4},"end":{"line":64,"column":23}},"28":{"start":{"line":67,"column":26},"end":{"line":73,"column":4}},"29":{"start":{"line":67,"column":32},"end":{"line":73,"column":4}},"30":{"start":{"line":67,"column":44},"end":{"line":73,"column":4}},"31":{"start":{"line":69,"column":4},"end":{"line":69,"column":44}},"32":{"start":{"line":72,"column":4},"end":{"line":72,"column":23}},"33":{"start":{"line":75,"column":28},"end":{"line":81,"column":4}},"34":{"start":{"line":75,"column":36},"end":{"line":81,"column":4}},"35":{"start":{"line":75,"column":48},"end":{"line":81,"column":4}},"36":{"start":{"line":77,"column":4},"end":{"line":77,"column":37}},"37":{"start":{"line":80,"column":4},"end":{"line":80,"column":23}}},"fnMap":{"0":{"name":"(anonymous_0)","decl":{"start":{"line":13,"column":29},"end":{"line":13,"column":30}},"loc":{"start":{"line":13,"column":38},"end":{"line":16,"column":1}},"line":13},"1":{"name":"(anonymous_1)","decl":{"start":{"line":18,"column":32},"end":{"line":18,"column":33}},"loc":{"start":{"line":18,"column":41},"end":{"line":21,"column":1}},"line":18},"2":{"name":"(anonymous_2)","decl":{"start":{"line":23,"column":30},"end":{"line":23,"column":31}},"loc":{"start":{"line":23,"column":39},"end":{"line":26,"column":1}},"line":23},"3":{"name":"(anonymous_3)","decl":{"start":{"line":28,"column":30},"end":{"line":28,"column":31}},"loc":{"start":{"line":28,"column":39},"end":{"line":31,"column":1}},"line":28},"4":{"name":"(anonymous_4)","decl":{"start":{"line":33,"column":35},"end":{"line":33,"column":36}},"loc":{"start":{"line":33,"column":44},"end":{"line":36,"column":1}},"line":33},"5":{"name":"(anonymous_5)","decl":{"start":{"line":38,"column":33},"end":{"line":38,"column":34}},"loc":{"start":{"line":38,"column":42},"end":{"line":41,"column":1}},"line":38},"6":{"name":"(anonymous_6)","decl":{"start":{"line":43,"column":27},"end":{"line":43,"column":28}},"loc":{"start":{"line":43,"column":35},"end":{"line":49,"column":4}},"line":43},"7":{"name":"(anonymous_7)","decl":{"start":{"line":43,"column":35},"end":{"line":43,"column":36}},"loc":{"start":{"line":43,"column":47},"end":{"line":49,"column":4}},"line":43},"8":{"name":"(anonymous_8)","decl":{"start":{"line":44,"column":8},"end":{"line":44,"column":9}},"loc":{"start":{"line":44,"column":22},"end":{"line":46,"column":3}},"line":44},"9":{"name":"(anonymous_9)","decl":{"start":{"line":47,"column":9},"end":{"line":47,"column":10}},"loc":{"start":{"line":47,"column":20},"end":{"line":49,"column":3}},"line":47},"10":{"name":"(anonymous_10)","decl":{"start":{"line":51,"column":29},"end":{"line":51,"column":30}},"loc":{"start":{"line":51,"column":35},"end":{"line":57,"column":4}},"line":51},"11":{"name":"(anonymous_11)","decl":{"start":{"line":51,"column":35},"end":{"line":51,"column":36}},"loc":{"start":{"line":51,"column":47},"end":{"line":57,"column":4}},"line":51},"12":{"name":"(anonymous_12)","decl":{"start":{"line":52,"column":8},"end":{"line":52,"column":9}},"loc":{"start":{"line":52,"column":22},"end":{"line":54,"column":3}},"line":52},"13":{"name":"(anonymous_13)","decl":{"start":{"line":55,"column":9},"end":{"line":55,"column":10}},"loc":{"start":{"line":55,"column":20},"end":{"line":57,"column":3}},"line":55},"14":{"name":"(anonymous_14)","decl":{"start":{"line":59,"column":23},"end":{"line":59,"column":24}},"loc":{"start":{"line":59,"column":31},"end":{"line":65,"column":4}},"line":59},"15":{"name":"(anonymous_15)","decl":{"start":{"line":59,"column":31},"end":{"line":59,"column":32}},"loc":{"start":{"line":59,"column":43},"end":{"line":65,"column":4}},"line":59},"16":{"name":"(anonymous_16)","decl":{"start":{"line":60,"column":8},"end":{"line":60,"column":9}},"loc":{"start":{"line":60,"column":22},"end":{"line":62,"column":3}},"line":60},"17":{"name":"(anonymous_17)","decl":{"start":{"line":63,"column":9},"end":{"line":63,"column":10}},"loc":{"start":{"line":63,"column":20},"end":{"line":65,"column":3}},"line":63},"18":{"name":"(anonymous_18)","decl":{"start":{"line":67,"column":26},"end":{"line":67,"column":27}},"loc":{"start":{"line":67,"column":32},"end":{"line":73,"column":4}},"line":67},"19":{"name":"(anonymous_19)","decl":{"start":{"line":67,"column":32},"end":{"line":67,"column":33}},"loc":{"start":{"line":67,"column":44},"end":{"line":73,"column":4}},"line":67},"20":{"name":"(anonymous_20)","decl":{"start":{"line":68,"column":8},"end":{"line":68,"column":9}},"loc":{"start":{"line":68,"column":22},"end":{"line":70,"column":3}},"line":68},"21":{"name":"(anonymous_21)","decl":{"start":{"line":71,"column":9},"end":{"line":71,"column":10}},"loc":{"start":{"line":71,"column":20},"end":{"line":73,"column":3}},"line":71},"22":{"name":"(anonymous_22)","decl":{"start":{"line":75,"column":28},"end":{"line":75,"column":29}},"loc":{"start":{"line":75,"column":36},"end":{"line":81,"column":4}},"line":75},"23":{"name":"(anonymous_23)","decl":{"start":{"line":75,"column":36},"end":{"line":75,"column":37}},"loc":{"start":{"line":75,"column":48},"end":{"line":81,"column":4}},"line":75},"24":{"name":"(anonymous_24)","decl":{"start":{"line":76,"column":8},"end":{"line":76,"column":9}},"loc":{"start":{"line":76,"column":22},"end":{"line":78,"column":3}},"line":76},"25":{"name":"(anonymous_25)","decl":{"start":{"line":79,"column":9},"end":{"line":79,"column":10}},"loc":{"start":{"line":79,"column":20},"end":{"line":81,"column":3}},"line":79}},"branchMap":{},"s":{"0":1,"1":1,"2":1,"3":1,"4":1,"5":1,"6":1,"7":1,"8":1,"9":1,"10":1,"11":1,"12":1,"13":1,"14":0,"15":0,"16":0,"17":0,"18":1,"19":0,"20":0,"21":0,"22":0,"23":1,"24":0,"25":0,"26":0,"27":0,"28":1,"29":0,"30":0,"31":0,"32":0,"33":1,"34":0,"35":0,"36":0,"37":0},"f":{"0":1,"1":1,"2":1,"3":1,"4":1,"5":1,"6":0,"7":0,"8":0,"9":0,"10":0,"11":0,"12":0,"13":0,"14":0,"15":0,"16":0,"17":0,"18":0,"19":0,"20":0,"21":0,"22":0,"23":0,"24":0,"25":0},"b":{},"_coverageSchema":"43e27e138ebf9cfc5966b082cf9a028302ed4184","hash":"84b0e9173d7a85b8bfa5a61305cc53d4679683ee"}
,"/Users/obaga/Desktop/React/Bookworm-react/src/constants/types.js": {"path":"/Users/obaga/Desktop/React/Bookworm-react/src/constants/types.js","statementMap":{"0":{"start":{"line":1,"column":24},"end":{"line":1,"column":34}},"1":{"start":{"line":2,"column":27},"end":{"line":2,"column":40}},"2":{"start":{"line":3,"column":25},"end":{"line":3,"column":36}},"3":{"start":{"line":4,"column":25},"end":{"line":4,"column":36}},"4":{"start":{"line":7,"column":28},"end":{"line":7,"column":42}},"5":{"start":{"line":8,"column":30},"end":{"line":8,"column":46}}},"fnMap":{},"branchMap":{},"s":{"0":1,"1":1,"2":1,"3":1,"4":1,"5":1},"f":{},"b":{},"_coverageSchema":"43e27e138ebf9cfc5966b082cf9a028302ed4184","hash":"432e7cc675e880a938e62fe60244dd89eb1878fa"}
}
