TN:
SF:/Users/obaga/Desktop/React/Bookworm-react/src/constants/actions.js
FN:13,(anonymous_0)
FN:18,(anonymous_1)
FN:23,(anonymous_2)
FN:28,(anonymous_3)
FN:33,(anonymous_4)
FN:38,(anonymous_5)
FN:43,(anonymous_6)
FN:43,(anonymous_7)
FN:44,(anonymous_8)
FN:47,(anonymous_9)
FN:51,(anonymous_10)
FN:51,(anonymous_11)
FN:52,(anonymous_12)
FN:55,(anonymous_13)
FN:59,(anonymous_14)
FN:59,(anonymous_15)
FN:60,(anonymous_16)
FN:63,(anonymous_17)
FN:67,(anonymous_18)
FN:67,(anonymous_19)
FN:68,(anonymous_20)
FN:71,(anonymous_21)
FN:75,(anonymous_22)
FN:75,(anonymous_23)
FN:76,(anonymous_24)
FN:79,(anonymous_25)
FNF:26
FNH:6
FNDA:1,(anonymous_0)
FNDA:1,(anonymous_1)
FNDA:1,(anonymous_2)
FNDA:1,(anonymous_3)
FNDA:1,(anonymous_4)
FNDA:1,(anonymous_5)
FNDA:0,(anonymous_6)
FNDA:0,(anonymous_7)
FNDA:0,(anonymous_8)
FNDA:0,(anonymous_9)
FNDA:0,(anonymous_10)
FNDA:0,(anonymous_11)
FNDA:0,(anonymous_12)
FNDA:0,(anonymous_13)
FNDA:0,(anonymous_14)
FNDA:0,(anonymous_15)
FNDA:0,(anonymous_16)
FNDA:0,(anonymous_17)
FNDA:0,(anonymous_18)
FNDA:0,(anonymous_19)
FNDA:0,(anonymous_20)
FNDA:0,(anonymous_21)
FNDA:0,(anonymous_22)
FNDA:0,(anonymous_23)
FNDA:0,(anonymous_24)
FNDA:0,(anonymous_25)
DA:11,1
DA:13,1
DA:18,1
DA:23,1
DA:28,1
DA:33,1
DA:38,1
DA:43,1
DA:45,0
DA:48,0
DA:51,1
DA:53,0
DA:56,0
DA:59,1
DA:61,0
DA:64,0
DA:67,1
DA:69,0
DA:72,0
DA:75,1
DA:77,0
DA:80,0
LF:22
LH:12
BRF:0
BRH:0
end_of_record
TN:
SF:/Users/obaga/Desktop/React/Bookworm-react/src/constants/types.js
FNF:0
FNH:0
DA:1,1
DA:2,1
DA:3,1
DA:4,1
DA:7,1
DA:8,1
LF:6
LH:6
BRF:0
BRH:0
end_of_record
